<?xml version="1.0" encoding="UTF-8"?>
<coverage generated="1677089576227" clover="3.2.0">
  <project timestamp="1677089576227" name="All files">
    <metrics statements="35" coveredstatements="35" conditionals="10" coveredconditionals="10" methods="12" coveredmethods="12" elements="57" coveredelements="57" complexity="0" loc="35" ncloc="35" packages="1" files="2" classes="2"/>
    <file name="accountModel.js" path="/Users/mantas/Documents/Projects/BankTest/accountModel.js">
      <metrics statements="23" coveredstatements="23" conditionals="8" coveredconditionals="8" methods="8" coveredmethods="8"/>
      <line num="3" count="11" type="stmt"/>
      <line num="4" count="11" type="stmt"/>
      <line num="8" count="9" type="stmt"/>
      <line num="12" count="6" type="stmt"/>
      <line num="16" count="17" type="stmt"/>
      <line num="17" count="16" type="stmt"/>
      <line num="19" count="15" type="stmt"/>
      <line num="21" count="15" type="stmt"/>
      <line num="25" count="10" type="stmt"/>
      <line num="26" count="9" type="stmt"/>
      <line num="28" count="8" type="stmt"/>
      <line num="30" count="8" type="stmt"/>
      <line num="34" count="23" type="stmt"/>
      <line num="35" count="23" type="stmt"/>
      <line num="37" count="23" type="cond" truecount="2" falsecount="0"/>
      <line num="38" count="23" type="cond" truecount="2" falsecount="0"/>
      <line num="40" count="23" type="stmt"/>
      <line num="46" count="23" type="stmt"/>
      <line num="50" count="27" type="cond" truecount="2" falsecount="0"/>
      <line num="51" count="2" type="stmt"/>
      <line num="56" count="25" type="cond" truecount="2" falsecount="0"/>
      <line num="57" count="2" type="stmt"/>
      <line num="62" count="3" type="stmt"/>
    </file>
    <file name="accountView.js" path="/Users/mantas/Documents/Projects/BankTest/accountView.js">
      <metrics statements="12" coveredstatements="12" conditionals="2" coveredconditionals="2" methods="4" coveredmethods="4"/>
      <line num="3" count="5" type="stmt"/>
      <line num="7" count="5" type="stmt"/>
      <line num="8" count="5" type="stmt"/>
      <line num="10" count="11" type="stmt"/>
      <line num="20" count="5" type="stmt"/>
      <line num="21" count="5" type="stmt"/>
      <line num="22" count="5" type="stmt"/>
      <line num="23" count="5" type="stmt"/>
      <line num="27" count="33" type="cond" truecount="2" falsecount="0"/>
      <line num="28" count="11" type="stmt"/>
      <line num="30" count="22" type="stmt"/>
      <line num="35" count="2" type="stmt"/>
    </file>
  </project>
</coverage>
