TN:
SF:accountModel.js
FN:2,(anonymous_0)
FN:7,(anonymous_1)
FN:11,(anonymous_2)
FN:15,(anonymous_3)
FN:24,(anonymous_4)
FN:33,(anonymous_5)
FN:49,(anonymous_6)
FN:55,(anonymous_7)
FNF:8
FNH:8
FNDA:11,(anonymous_0)
FNDA:9,(anonymous_1)
FNDA:6,(anonymous_2)
FNDA:17,(anonymous_3)
FNDA:10,(anonymous_4)
FNDA:23,(anonymous_5)
FNDA:27,(anonymous_6)
FNDA:25,(anonymous_7)
DA:3,11
DA:4,11
DA:8,9
DA:12,6
DA:16,17
DA:17,16
DA:19,15
DA:21,15
DA:25,10
DA:26,9
DA:28,8
DA:30,8
DA:34,23
DA:35,23
DA:37,23
DA:38,23
DA:40,23
DA:46,23
DA:50,27
DA:51,2
DA:56,25
DA:57,2
DA:62,3
LF:23
LH:23
BRDA:37,0,0,15
BRDA:37,0,1,8
BRDA:38,1,0,8
BRDA:38,1,1,15
BRDA:50,2,0,2
BRDA:50,2,1,25
BRDA:56,3,0,2
BRDA:56,3,1,23
BRF:8
BRH:8
end_of_record
TN:
SF:accountView.js
FN:2,(anonymous_0)
FN:6,(anonymous_1)
FN:9,(anonymous_2)
FN:24,(anonymous_3)
FNF:4
FNH:4
FNDA:5,(anonymous_0)
FNDA:5,(anonymous_1)
FNDA:11,(anonymous_2)
FNDA:33,(anonymous_3)
DA:3,5
DA:7,5
DA:8,5
DA:10,11
DA:20,5
DA:21,5
DA:25,33
DA:26,11
DA:28,22
DA:33,2
LF:10
LH:10
BRDA:25,0,0,11
BRDA:25,0,1,22
BRF:2
BRH:2
end_of_record
